C:\USERS\BAM4D\DOCUMENTS\VISUAL STUDIO 2010\PROJECTS\NEURETIXWIN\NEURETIXWIN\CAVALCADE\DEBUG\AXON.OBJ
C:\USERS\BAM4D\DOCUMENTS\VISUAL STUDIO 2010\PROJECTS\NEURETIXWIN\NEURETIXWIN\CAVALCADE\DEBUG\AXON_EVENT.OBJ
C:\USERS\BAM4D\DOCUMENTS\VISUAL STUDIO 2010\PROJECTS\NEURETIXWIN\NEURETIXWIN\CAVALCADE\DEBUG\AXONLIST.OBJ
C:\Users\Bam4d\Documents\Visual Studio 2010\Projects\NeuretixWin\NeuretixWin\CavalCade\Debug\CavalCade.write.1.tlog
C:\USERS\BAM4D\DOCUMENTS\VISUAL STUDIO 2010\PROJECTS\NEURETIXWIN\NEURETIXWIN\CAVALCADE\DEBUG\CAVALCADEMIND.OBJ
C:\Users\Bam4d\Documents\Visual Studio 2010\Projects\NeuretixWin\NeuretixWin\CavalCade\Debug\cl.command.1.tlog
C:\Users\Bam4d\Documents\Visual Studio 2010\Projects\NeuretixWin\NeuretixWin\CavalCade\Debug\CL.read.1.tlog
C:\Users\Bam4d\Documents\Visual Studio 2010\Projects\NeuretixWin\NeuretixWin\CavalCade\Debug\CL.write.1.tlog
C:\USERS\BAM4D\DOCUMENTS\VISUAL STUDIO 2010\PROJECTS\NEURETIXWIN\NEURETIXWIN\CAVALCADE\DEBUG\CONTROLTIMER.OBJ
C:\USERS\BAM4D\DOCUMENTS\VISUAL STUDIO 2010\PROJECTS\NEURETIXWIN\NEURETIXWIN\CAVALCADE\DEBUG\GROUP.OBJ
C:\Users\Bam4d\Documents\Visual Studio 2010\Projects\NeuretixWin\NeuretixWin\CavalCade\Debug\lib.command.1.tlog
C:\Users\Bam4d\Documents\Visual Studio 2010\Projects\NeuretixWin\NeuretixWin\CavalCade\Debug\Lib-link.read.1.tlog
C:\Users\Bam4d\Documents\Visual Studio 2010\Projects\NeuretixWin\NeuretixWin\CavalCade\Debug\Lib-link.write.1.tlog
C:\USERS\BAM4D\DOCUMENTS\VISUAL STUDIO 2010\PROJECTS\NEURETIXWIN\NEURETIXWIN\CAVALCADE\DEBUG\NEURON.OBJ
C:\USERS\BAM4D\DOCUMENTS\VISUAL STUDIO 2010\PROJECTS\NEURETIXWIN\NEURETIXWIN\CAVALCADE\DEBUG\SAVELOADCNN.OBJ
C:\USERS\BAM4D\DOCUMENTS\VISUAL STUDIO 2010\PROJECTS\NEURETIXWIN\NEURETIXWIN\CAVALCADE\DEBUG\TEMPORALWINDOW.OBJ
C:\USERS\BAM4D\DOCUMENTS\VISUAL STUDIO 2010\PROJECTS\NEURETIXWIN\NEURETIXWIN\CAVALCADE\DEBUG\TIMEPOINT.OBJ
C:\USERS\BAM4D\DOCUMENTS\VISUAL STUDIO 2010\PROJECTS\NEURETIXWIN\NEURETIXWIN\CAVALCADE\DEBUG\USLEEP.OBJ
C:\Users\Bam4d\Documents\Visual Studio 2010\Projects\NeuretixWin\NeuretixWin\CavalCade\Debug\vc100.idb
C:\USERS\BAM4D\DOCUMENTS\VISUAL STUDIO 2010\PROJECTS\NEURETIXWIN\NEURETIXWIN\CAVALCADE\DEBUG\VC100.PDB
C:\USERS\BAM4D\DOCUMENTS\VISUAL STUDIO 2010\PROJECTS\NEURETIXWIN\NEURETIXWIN\DEBUG\CAVALCADE.LIB
